Start testing: May 29 13:03 +07
----------------------------------------------------------
1/1 Testing: test_crypto
1/1 Test: test_crypto
Command: "/home/ngquanghuy/Crypto/build/test_crypto"
Directory: /home/ngquanghuy/Crypto/build
"test_crypto" start time: May 29 13:03 +07
Output:
----------------------------------------------------------
error: hex string length must be even
error: invalid hex character
error: XOR requires a non-empty key
error: integrity check failed (wrong key or corrupted data)
error: integrity check failed (wrong key or corrupted data)
error: AES requires a non-empty key
error: integrity check failed (wrong key or corrupted data)
error: integrity check failed (wrong key or corrupted data)
[doctest] doctest version is "2.5.0"
[doctest] run with "--help" for options
hot src: x = 1 + 2

VM instructions (4):
  [0] op=1 rd=0 rs1=0 rs2=0 imm=2
  [1] op=3 rd=0 rs1=0 rs2=0 imm=0
  [2] op=1 rd=0 rs1=0 rs2=0 imm=1
  [3] op=42 rd=0 rs1=0 rs2=0 imm=0
hot src: print(1 + 2)

hot src: a = 10
b = 20
c = a + b * 3
print(c)

hot src: if 1 < 2:
    print('ok')

===============================================================================
[doctest] test cases:  29 |  29 passed | 0 failed | 0 skipped
[doctest] assertions: 693 | 693 passed | 0 failed |
[doctest] Status: SUCCESS!
<end of output>
Test time =  16.46 sec
----------------------------------------------------------
Test Passed.
"test_crypto" end time: May 29 13:03 +07
"test_crypto" time elapsed: 00:00:16
----------------------------------------------------------

End testing: May 29 13:03 +07
